<?xml version="1.0" encoding="UTF-8"?>
<!-- Generated by org.testng.reporters.JUnitReportReporter -->
<testsuite hostname="LAPTOP-DGF065A0" failures="0" tests="1" name="test.AddCustomerTest" time="13.034" errors="0" timestamp="2023-10-19T23:14:04 CDT" skipped="0">
  <testcase classname="test.AddCustomerTest" name="userShouldBeAbleToAddCustomer" time="13.034"/>
</testsuite> <!-- test.AddCustomerTest -->
