<?xml version="1.0" encoding="UTF-8"?>
<!-- Generated by org.testng.reporters.JUnitReportReporter -->
<testsuite hostname="LAPTOP-DGF065A0" failures="0" tests="1" name="test.LoginTest" time="10.553" errors="0" timestamp="2023-10-19T02:13:23 CDT" skipped="0">
  <testcase classname="test.LoginTest" name="validUserShouldBeAbleToLogin" time="10.553"/>
</testsuite> <!-- test.LoginTest -->
